This file contains any messages produced by compilers while
running configure, to aid debugging if configure makes a mistake.

It was created by timesheet configure 0.1, which was
generated by GNU Autoconf 2.69.  Invocation command line was

  $ ./configure 

## --------- ##
## Platform. ##
## --------- ##

hostname = MacBook-Pro
uname -m = x86_64
uname -r = 17.4.0
uname -s = Darwin
uname -v = Darwin Kernel Version 17.4.0: Sun Dec 17 09:19:54 PST 2017; root:xnu-4570.41.2~1/RELEASE_X86_64

/usr/bin/uname -p = i386
/bin/uname -X     = unknown

/bin/arch              = unknown
/usr/bin/arch -k       = unknown
/usr/convex/getsysinfo = unknown
/usr/bin/hostinfo      = Mach kernel version:
	 Darwin Kernel Version 17.4.0: Sun Dec 17 09:19:54 PST 2017; root:xnu-4570.41.2~1/RELEASE_X86_64
Kernel configured for up to 4 processors.
2 processors are physically available.
4 processors are logically available.
Processor type: x86_64h (Intel x86-64h Haswell)
Processors active: 0 1 2 3
Primary memory available: 16.00 gigabytes
Default processor set: 496 tasks, 1985 threads, 4 processors
Load average: 1.81, Mach factor: 2.18
/bin/machine           = unknown
/usr/bin/oslevel       = unknown
/bin/universe          = unknown

PATH: /Users/muhaye/nvim-osx64/bin
PATH: /Users/muhaye/.yarn/bin
PATH: /opt/local/bin
PATH: /Users/muhaye/.npm-packages/bin
PATH: /usr/local/bin
PATH: /Users/muhaye/mongodb/bin
PATH: /Users/muhaye/Library/Android/sdk/platform-tools
PATH: /usr/local/mysql/bin
PATH: /usr/local/bin
PATH: /usr/bin
PATH: /bin
PATH: /usr/sbin
PATH: /sbin
PATH: /Library/Frameworks/Mono.framework/Versions/Current/Commands
PATH: /Users/muhaye/.node/bin


## ----------- ##
## Core tests. ##
## ----------- ##

configure:1830: checking for a BSD-compatible install
configure:1898: result: /usr/bin/install -c
configure:1909: checking whether build environment is sane
configure:1964: result: yes
configure:2115: checking for a thread-safe mkdir -p
configure:2154: result: ./install-sh -c -d
configure:2161: checking for gawk
configure:2191: result: no
configure:2161: checking for mawk
configure:2191: result: no
configure:2161: checking for nawk
configure:2191: result: no
configure:2161: checking for awk
configure:2177: found /usr/bin/awk
configure:2188: result: awk
configure:2199: checking whether make sets $(MAKE)
configure:2221: result: yes
configure:2250: checking whether make supports nested variables
configure:2267: result: yes
configure:2437: checking for ranlib
configure:2453: found /usr/bin/ranlib
configure:2464: result: ranlib
configure:2542: checking for gcc
configure:2558: found /usr/bin/gcc
configure:2569: result: gcc
configure:2798: checking for C compiler version
configure:2807: gcc --version >&5
Apple LLVM version 9.0.0 (clang-900.0.39.2)
Target: x86_64-apple-darwin17.4.0
Thread model: posix
InstalledDir: /Applications/Xcode.app/Contents/Developer/Toolchains/XcodeDefault.xctoolchain/usr/bin
Configured with: --prefix=/Applications/Xcode.app/Contents/Developer/usr --with-gxx-include-dir=/usr/include/c++/4.2.1
configure:2818: $? = 0
configure:2807: gcc -v >&5
Configured with: --prefix=/Applications/Xcode.app/Contents/Developer/usr --with-gxx-include-dir=/usr/include/c++/4.2.1
Apple LLVM version 9.0.0 (clang-900.0.39.2)
Target: x86_64-apple-darwin17.4.0
Thread model: posix
InstalledDir: /Applications/Xcode.app/Contents/Developer/Toolchains/XcodeDefault.xctoolchain/usr/bin
configure:2818: $? = 0
configure:2807: gcc -V >&5
clang: error: argument to '-V' is missing (expected 1 value)
clang: error: no input files
configure:2818: $? = 1
configure:2807: gcc -qversion >&5
clang: error: unknown argument: '-qversion'
clang: error: no input files
configure:2818: $? = 1
configure:2838: checking whether the C compiler works
configure:2860: gcc    conftest.c  >&5
configure:2864: $? = 0
configure:2912: result: yes
configure:2915: checking for C compiler default output file name
configure:2917: result: a.out
configure:2923: checking for suffix of executables
configure:2930: gcc -o conftest    conftest.c  >&5
configure:2934: $? = 0
configure:2956: result: 
configure:2978: checking whether we are cross compiling
configure:2986: gcc -o conftest    conftest.c  >&5
configure:2990: $? = 0
configure:2997: ./conftest
configure:3001: $? = 0
configure:3016: result: no
configure:3021: checking for suffix of object files
configure:3043: gcc -c   conftest.c >&5
configure:3047: $? = 0
configure:3068: result: o
configure:3072: checking whether we are using the GNU C compiler
configure:3091: gcc -c   conftest.c >&5
configure:3091: $? = 0
configure:3100: result: yes
configure:3109: checking whether gcc accepts -g
configure:3129: gcc -c -g  conftest.c >&5
configure:3129: $? = 0
configure:3170: result: yes
configure:3187: checking for gcc option to accept ISO C89
configure:3250: gcc  -c -g -O2  conftest.c >&5
configure:3250: $? = 0
configure:3263: result: none needed
configure:3288: checking whether gcc understands -c and -o together
configure:3310: gcc -c conftest.c -o conftest2.o
configure:3313: $? = 0
configure:3310: gcc -c conftest.c -o conftest2.o
configure:3313: $? = 0
configure:3325: result: yes
configure:3353: checking for style of include used by make
configure:3381: result: GNU
configure:3407: checking dependency style of gcc
configure:3518: result: gcc3
configure:3685: checking that generated files are newer than configure
configure:3691: result: done
configure:3714: creating ./config.status

## ---------------------- ##
## Running config.status. ##
## ---------------------- ##

This file was extended by timesheet config.status 0.1, which was
generated by GNU Autoconf 2.69.  Invocation command line was

  CONFIG_FILES    = 
  CONFIG_HEADERS  = 
  CONFIG_LINKS    = 
  CONFIG_COMMANDS = 
  $ ./config.status 

on MacBook-Pro

config.status:774: creating Makefile
config.status:774: creating src/Makefile
config.status:946: executing depfiles commands

## ---------------- ##
## Cache variables. ##
## ---------------- ##

ac_cv_c_compiler_gnu=yes
ac_cv_env_CC_set=
ac_cv_env_CC_value=
ac_cv_env_CFLAGS_set=
ac_cv_env_CFLAGS_value=
ac_cv_env_CPPFLAGS_set=
ac_cv_env_CPPFLAGS_value=
ac_cv_env_LDFLAGS_set=
ac_cv_env_LDFLAGS_value=
ac_cv_env_LIBS_set=
ac_cv_env_LIBS_value=
ac_cv_env_build_alias_set=
ac_cv_env_build_alias_value=
ac_cv_env_host_alias_set=
ac_cv_env_host_alias_value=
ac_cv_env_target_alias_set=
ac_cv_env_target_alias_value=
ac_cv_objext=o
ac_cv_path_install='/usr/bin/install -c'
ac_cv_prog_AWK=awk
ac_cv_prog_ac_ct_CC=gcc
ac_cv_prog_ac_ct_RANLIB=ranlib
ac_cv_prog_cc_c89=
ac_cv_prog_cc_g=yes
ac_cv_prog_make_make_set=yes
am_cv_CC_dependencies_compiler_type=gcc3
am_cv_make_support_nested_variables=yes
am_cv_prog_cc_c_o=yes

## ----------------- ##
## Output variables. ##
## ----------------- ##

ACLOCAL='${SHELL} /Users/muhaye/C/Timesheet/missing aclocal-1.15'
AMDEPBACKSLASH='\'
AMDEP_FALSE='#'
AMDEP_TRUE=''
AMTAR='$${TAR-tar}'
AM_BACKSLASH='\'
AM_DEFAULT_V='$(AM_DEFAULT_VERBOSITY)'
AM_DEFAULT_VERBOSITY='1'
AM_V='$(V)'
AUTOCONF='${SHELL} /Users/muhaye/C/Timesheet/missing autoconf'
AUTOHEADER='${SHELL} /Users/muhaye/C/Timesheet/missing autoheader'
AUTOMAKE='${SHELL} /Users/muhaye/C/Timesheet/missing automake-1.15'
AWK='awk'
CC='gcc'
CCDEPMODE='depmode=gcc3'
CFLAGS='-g -O2'
CPPFLAGS=''
CYGPATH_W='echo'
DEFS='-DPACKAGE_NAME=\"timesheet\" -DPACKAGE_TARNAME=\"timesheet\" -DPACKAGE_VERSION=\"0.1\" -DPACKAGE_STRING=\"timesheet\ 0.1\" -DPACKAGE_BUGREPORT=\"\" -DPACKAGE_URL=\"\" -DPACKAGE=\"timesheet\" -DVERSION=\"0.1\"'
DEPDIR='.deps'
ECHO_C='\c'
ECHO_N=''
ECHO_T=''
EXEEXT=''
INSTALL_DATA='${INSTALL} -m 644'
INSTALL_PROGRAM='${INSTALL}'
INSTALL_SCRIPT='${INSTALL}'
INSTALL_STRIP_PROGRAM='$(install_sh) -c -s'
LDFLAGS=''
LIBOBJS=''
LIBS=''
LTLIBOBJS=''
MAKEINFO='${SHELL} /Users/muhaye/C/Timesheet/missing makeinfo'
MKDIR_P='./install-sh -c -d'
OBJEXT='o'
PACKAGE='timesheet'
PACKAGE_BUGREPORT=''
PACKAGE_NAME='timesheet'
PACKAGE_STRING='timesheet 0.1'
PACKAGE_TARNAME='timesheet'
PACKAGE_URL=''
PACKAGE_VERSION='0.1'
PATH_SEPARATOR=':'
RANLIB='ranlib'
SET_MAKE=''
SHELL='/bin/sh'
STRIP=''
VERSION='0.1'
ac_ct_CC='gcc'
am__EXEEXT_FALSE=''
am__EXEEXT_TRUE='#'
am__fastdepCC_FALSE='#'
am__fastdepCC_TRUE=''
am__include='include'
am__isrc=''
am__leading_dot='.'
am__nodep='_no'
am__quote=''
am__tar='$${TAR-tar} chof - "$$tardir"'
am__untar='$${TAR-tar} xf -'
bindir='${exec_prefix}/bin'
build_alias=''
datadir='${datarootdir}'
datarootdir='${prefix}/share'
docdir='${datarootdir}/doc/${PACKAGE_TARNAME}'
dvidir='${docdir}'
exec_prefix='${prefix}'
host_alias=''
htmldir='${docdir}'
includedir='${prefix}/include'
infodir='${datarootdir}/info'
install_sh='${SHELL} /Users/muhaye/C/Timesheet/install-sh'
libdir='${exec_prefix}/lib'
libexecdir='${exec_prefix}/libexec'
localedir='${datarootdir}/locale'
localstatedir='${prefix}/var'
mandir='${datarootdir}/man'
mkdir_p='$(MKDIR_P)'
oldincludedir='/usr/include'
pdfdir='${docdir}'
prefix='/usr/local'
program_transform_name='s,x,x,'
psdir='${docdir}'
sbindir='${exec_prefix}/sbin'
sharedstatedir='${prefix}/com'
sysconfdir='${prefix}/etc'
target_alias=''

## ----------- ##
## confdefs.h. ##
## ----------- ##

/* confdefs.h */
#define PACKAGE_NAME "timesheet"
#define PACKAGE_TARNAME "timesheet"
#define PACKAGE_VERSION "0.1"
#define PACKAGE_STRING "timesheet 0.1"
#define PACKAGE_BUGREPORT ""
#define PACKAGE_URL ""
#define PACKAGE "timesheet"
#define VERSION "0.1"

configure: exit 0
